This is pdfTeX, Version 3.1415926-2.3-1.40.12 (MiKTeX 2.9 64-bit) (preloaded format=latex 2015.1.15)  2 DEC 2015 21:27
entering extended mode
**Principal.tex

("D:\Disciplinas\Projeto de Graduacao - EEW xxx\Modelos\Modelo de Proposta de P
rojeto de Graduacao\Principal.tex"
LaTeX2e <2011/06/27>
Babel <v3.8m> and hyphenation patterns for english, afrikaans, ancientgreek, ar
abic, armenian, assamese, basque, bengali, bokmal, bulgarian, catalan, coptic, 
croatian, czech, danish, dutch, esperanto, estonian, farsi, finnish, french, ga
lician, german, german-x-2009-06-19, greek, gujarati, hindi, hungarian, iceland
ic, indonesian, interlingua, irish, italian, kannada, kurmanji, lao, latin, lat
vian, lithuanian, malayalam, marathi, mongolian, mongolianlmc, monogreek, ngerm
an, ngerman-x-2009-06-19, nynorsk, oriya, panjabi, pinyin, polish, portuguese, 
romanian, russian, sanskrit, serbian, slovak, slovenian, spanish, swedish, swis
sgerman, tamil, telugu, turkish, turkmen, ukenglish, ukrainian, uppersorbian, u
senglishmax, welsh, loaded.
("C:\Program Files\MiKTeX 2.9\tex\latex\base\report.cls"
Document Class: report 2007/10/19 v1.4h Standard LaTeX document class
("C:\Program Files\MiKTeX 2.9\tex\latex\base\size12.clo"
File: size12.clo 2007/10/19 v1.4h Standard LaTeX file (size option)
)
\c@part=\count79
\c@chapter=\count80
\c@section=\count81
\c@subsection=\count82
\c@subsubsection=\count83
\c@paragraph=\count84
\c@subparagraph=\count85
\c@figure=\count86
\c@table=\count87
\abovecaptionskip=\skip41
\belowcaptionskip=\skip42
\bibindent=\dimen102
)
("D:\Disciplinas\Projeto de Graduacao - EEW xxx\Modelos\Modelo de Proposta de P
rojeto de Graduacao\FormatoPack.tex"
("C:\Program Files\MiKTeX 2.9\tex\latex\tools\layout.sty"
Package: layout 2000/09/25 v1.2c Show layout parameters
\oneinch=\count88
\cnt@paperwidth=\count89
\cnt@paperheight=\count90
\cnt@hoffset=\count91
\cnt@voffset=\count92
\cnt@textheight=\count93
\cnt@textwidth=\count94
\cnt@topmargin=\count95
\cnt@oddsidemargin=\count96
\cnt@evensidemargin=\count97
\cnt@headheight=\count98
\cnt@headsep=\count99
\cnt@marginparsep=\count100
\cnt@marginparwidth=\count101
\cnt@marginparpush=\count102
\cnt@footskip=\count103
\fheight=\count104
\ref@top=\count105
\ref@hoffset=\count106
\ref@voffset=\count107
\ref@head=\count108
\ref@body=\count109
\ref@foot=\count110
\ref@margin=\count111
\ref@marginwidth=\count112
\ref@marginpar=\count113
\Interval=\count114
\ExtraYPos=\count115
\PositionX=\count116
\PositionY=\count117
\ArrowLength=\count118
)
("C:\Program Files\MiKTeX 2.9\tex\generic\babel\babel.sty"
Package: babel 2008/07/08 v3.8m The Babel package

*************************************
* Local config file bblopts.cfg used
*
("C:\Program Files\MiKTeX 2.9\tex\latex\00miktex\bblopts.cfg"
File: bblopts.cfg 2006/07/31 v1.0 MiKTeX 'babel' configuration
)
("C:\Program Files\MiKTeX 2.9\tex\generic\babel\english.ldf"
Language: english 2005/03/30 v3.3o English support from the babel system

("C:\Program Files\MiKTeX 2.9\tex\generic\babel\babel.def"
File: babel.def 2008/07/08 v3.8m Babel common definitions
\babel@savecnt=\count119
\U@D=\dimen103
)
\l@canadian = a dialect from \language\l@american 
\l@australian = a dialect from \language\l@british 
\l@newzealand = a dialect from \language\l@british 
)
("C:\Program Files\MiKTeX 2.9\tex\generic\babel\portuges.ldf"
Language: portuges 2008/03/18 v1.2q Portuguese support from the babel system
\l@brazil = a dialect from \language\l@portuges 
Package babel Info: Making " an active character on input line 145.
))
("D:\Disciplinas\Projeto de Graduacao - EEW xxx\Modelos\Modelo de Proposta de P
rojeto de Graduacao\pagina.sty")
("D:\Disciplinas\Projeto de Graduacao - EEW xxx\Modelos\Modelo de Proposta de P
rojeto de Graduacao\indentfirst.sty"
Package: indentfirst 1994/05/23 v1.02 Indent first paragraph (DPC)
)
("C:\Program Files\MiKTeX 2.9\tex\latex\base\inputenc.sty"
Package: inputenc 2008/03/30 v1.1d Input encoding file
\inpenc@prehook=\toks14
\inpenc@posthook=\toks15

("C:\Program Files\MiKTeX 2.9\tex\latex\base\latin1.def"
File: latin1.def 2008/03/30 v1.1d Input encoding file
))
("C:\Program Files\MiKTeX 2.9\tex\latex\graphics\graphics.sty"
Package: graphics 2009/02/05 v1.0o Standard LaTeX Graphics (DPC,SPQR)

("C:\Program Files\MiKTeX 2.9\tex\latex\graphics\trig.sty"
Package: trig 1999/03/16 v1.09 sin cos tan (DPC)
)
("C:\Program Files\MiKTeX 2.9\tex\latex\00miktex\graphics.cfg"
File: graphics.cfg 2007/01/18 v1.5 graphics configuration of teTeX/TeXLive
)
Package graphics Info: Driver file: dvips.def on input line 91.

("C:\Program Files\MiKTeX 2.9\tex\latex\graphics\dvips.def"
File: dvips.def 1999/02/16 v3.0i Driver-dependant file (DPC,SPQR)
))
("C:\Program Files\MiKTeX 2.9\tex\latex\graphics\epsfig.sty"
Package: epsfig 1999/02/16 v1.7a (e)psfig emulation (SPQR)

("C:\Program Files\MiKTeX 2.9\tex\latex\graphics\graphicx.sty"
Package: graphicx 1999/02/16 v1.0f Enhanced LaTeX Graphics (DPC,SPQR)

("C:\Program Files\MiKTeX 2.9\tex\latex\graphics\keyval.sty"
Package: keyval 1999/03/16 v1.13 key=value parser (DPC)
\KV@toks@=\toks16
)
\Gin@req@height=\dimen104
\Gin@req@width=\dimen105
)
\epsfxsize=\dimen106
\epsfysize=\dimen107
)
("C:\Program Files\MiKTeX 2.9\tex\latex\pstricks\pstricks.sty"
Package: pstricks 2011/04/23 v0.50 LaTeX wrapper for `PSTricks' (RN,HV)

("C:\Program Files\MiKTeX 2.9\tex\generic\oberdiek\ifpdf.sty"
Package: ifpdf 2011/01/30 v2.3 Provides the ifpdf switch (HO)
Package ifpdf Info: pdfTeX in PDF mode is not detected.
)
("C:\Program Files\MiKTeX 2.9\tex\generic\oberdiek\ifluatex.sty"
Package: ifluatex 2010/03/01 v1.3 Provides the ifluatex switch (HO)
Package ifluatex Info: LuaTeX not detected.
)
("C:\Program Files\MiKTeX 2.9\tex\generic\pstricks\pstricks.tex"
("C:\Program Files\MiKTeX 2.9\tex\generic\xkeyval\pst-xkey.tex"
File: pst-xkey.tex 2005/11/25 v1.6 PSTricks specialization of xkeyval (HA)

("C:\Program Files\MiKTeX 2.9\tex\latex\xkeyval\xkeyval.sty"
Package: xkeyval 2008/08/13 v2.6a package option processing (HA)

("C:\Program Files\MiKTeX 2.9\tex\generic\xkeyval\xkeyval.tex"
\XKV@toks=\toks17
\XKV@tempa@toks=\toks18
\XKV@depth=\count120
File: xkeyval.tex 2008/08/13 v2.6a key=value parser (HA)
)))
("C:\Program Files\MiKTeX 2.9\tex\generic\pstricks\pst-fp.tex"
`pst-fp' v0.05, 2010/01/17 (hv)
\pstFP@xs=\count121
\pstFP@xia=\count122
\pstFP@xib=\count123
\pstFP@xfa=\count124
\pstFP@xfb=\count125
\pstFP@rega=\count126
\pstFP@regb=\count127
\pstFP@regs=\count128
\pstFP@times=\count129
)
\psLoopIndex=\count130

`PSTricks' v2.21  <2011/06/07> (tvz)
\pst@dima=\dimen108
\pst@dimb=\dimen109
\pst@dimc=\dimen110
\pst@dimd=\dimen111
\pst@dimg=\dimen112
\pst@dimh=\dimen113
\pst@dimm=\dimen114
\pst@dimn=\dimen115
\pst@dimo=\dimen116
\pst@dimp=\dimen117
\pst@hbox=\box26
\pst@ibox=\box27
\pst@boxg=\box28
\pst@cnta=\count131
\pst@cntb=\count132
\pst@cntc=\count133
\pst@cntd=\count134
\pst@cntg=\count135
\pst@cnth=\count136
\pst@cntm=\count137
\pst@cntn=\count138
\pst@cnto=\count139
\pst@cntp=\count140
\@zero=\count141
\pst@toks=\toks19
("C:\Program Files\MiKTeX 2.9\tex\generic\pstricks\pstricks.con")
\psunit=\dimen118
\psxunit=\dimen119
\psyunit=\dimen120
\pst@C@@rType=\count142
\pslinewidth=\dimen121
\psk@startLW=\dimen122
\psk@endLW=\dimen123
\pst@customdefs=\toks20
\pslinearc=\dimen124
\pst@symbolStep=\dimen125
\pst@symbolWidth=\dimen126
\everypsbox=\toks21
\psframesep=\dimen127
\pslabelsep=\dimen128
\pst@shift=\dimen129
\theoverlaybox=\box29
)
File: pstricks.tex 2011/06/07 v2.21 `PSTricks' (tvz,hv)

("C:\Program Files\MiKTeX 2.9\tex\generic\pstricks\pst-fp.tex")
File: pst-fp.tex 2011/06/07 v2.21 `PST-fp' (hv)

(C:\Users\fmello\AppData\Roaming\MiKTeX\2.9\tex\latex\xcolor\xcolor.sty
Package: xcolor 2007/01/21 v2.11 LaTeX color extensions (UK)

("C:\Program Files\MiKTeX 2.9\tex\latex\00miktex\color.cfg"
File: color.cfg 2007/01/18 v1.5 color configuration of teTeX/TeXLive
)
Package xcolor Info: Driver file: dvips.def on input line 225.
Package xcolor Info: Model `cmy' substituted by `cmy0' on input line 1337.
Package xcolor Info: Model `RGB' extended on input line 1353.
Package xcolor Info: Model `HTML' substituted by `rgb' on input line 1355.
Package xcolor Info: Model `Hsb' substituted by `hsb' on input line 1356.
Package xcolor Info: Model `tHsb' substituted by `hsb' on input line 1357.
Package xcolor Info: Model `HSB' substituted by `hsb' on input line 1358.
Package xcolor Info: Model `Gray' substituted by `gray' on input line 1359.
Package xcolor Info: Model `wave' substituted by `hsb' on input line 1360.
))
(C:\Users\fmello\AppData\Roaming\MiKTeX\2.9\tex\latex\pst-node\pst-node.sty
Package: pst-node 2012/09/18 v1.01 LaTeX wrapper for `pst-node' (HV)
Package: pst-node 2010/04/22 package wrapper for pst-node.tex

(C:\Users\fmello\AppData\Roaming\MiKTeX\2.9\tex\generic\pst-node\pst-node.tex
 v1.35, 2014/08/04
\psrow=\count143
\pscol=\count144
\psmatrixcnt=\count145
\psrowsep=\skip43
\pscolsep=\skip44
\pst@args=\count146
\num@pts=\count147
\pst@argcnt=\count148
)
File: pst-node.tex 2014/08/04 1.35 `pst-node' (tvz,hv)
)
(C:\Users\fmello\AppData\Roaming\MiKTeX\2.9\tex\latex\pst-tree\pst-tree.sty
Package: pst-tree 2009/01/25 package wrapper for pst-tree.tex

(C:\Users\fmello\AppData\Roaming\MiKTeX\2.9\tex\generic\pst-tree\pst-tree.tex
 v1.12, 2011/02/28(tvz,dg,hv)
\pstree@rootbox=\box30
\pstree@box=\box31
\psnodecnt=\count149
\pstreelevel=\count150
\pstreecnt=\count151
\pstree@cnt=\count152
\pstree@stop=\count153
)
File: pst-tree.tex 2011/02/28 1.12 `pst-tree' (tvz,hv)
)
("C:\Program Files\MiKTeX 2.9\tex\latex\base\alltt.sty"
Package: alltt 1997/06/16 v2.0g defines alltt environment
)
("D:\Disciplinas\Projeto de Graduacao - EEW xxx\Modelos\Modelo de Proposta de P
rojeto de Graduacao\rotating.sty"
Package: rotating 94/04/15 2 SPQR

Style option: rotating 2 <94/04/15> (SPQR / LMB)
) ("C:\Program Files\MiKTeX 2.9\tex\latex\tools\enumerate.sty"
Package: enumerate 1999/03/05 v3.00 enumerate extensions (DPC)
\@enLab=\toks22
)
("C:\Program Files\MiKTeX 2.9\tex\latex\ams\math\amsmath.sty"
Package: amsmath 2000/07/18 v2.13 AMS math features
\@mathmargin=\skip45

For additional information on amsmath, use the `?' option.
("C:\Program Files\MiKTeX 2.9\tex\latex\ams\math\amstext.sty"
Package: amstext 2000/06/29 v2.01

("C:\Program Files\MiKTeX 2.9\tex\latex\ams\math\amsgen.sty"
File: amsgen.sty 1999/11/30 v2.0
\@emptytoks=\toks23
\ex@=\dimen130
))
("C:\Program Files\MiKTeX 2.9\tex\latex\ams\math\amsbsy.sty"
Package: amsbsy 1999/11/29 v1.2d
\pmbraise@=\dimen131
)
("C:\Program Files\MiKTeX 2.9\tex\latex\ams\math\amsopn.sty"
Package: amsopn 1999/12/14 v2.01 operator names
)
\inf@bad=\count154
LaTeX Info: Redefining \frac on input line 211.
\uproot@=\count155
\leftroot@=\count156
LaTeX Info: Redefining \overline on input line 307.
\classnum@=\count157
\DOTSCASE@=\count158
LaTeX Info: Redefining \ldots on input line 379.
LaTeX Info: Redefining \dots on input line 382.
LaTeX Info: Redefining \cdots on input line 467.
\Mathstrutbox@=\box32
\strutbox@=\box33
\big@size=\dimen132
LaTeX Font Info:    Redeclaring font encoding OML on input line 567.
LaTeX Font Info:    Redeclaring font encoding OMS on input line 568.
\macc@depth=\count159
\c@MaxMatrixCols=\count160
\dotsspace@=\muskip10
\c@parentequation=\count161
\dspbrk@lvl=\count162
\tag@help=\toks24
\row@=\count163
\column@=\count164
\maxfields@=\count165
\andhelp@=\toks25
\eqnshift@=\dimen133
\alignsep@=\dimen134
\tagshift@=\dimen135
\tagwidth@=\dimen136
\totwidth@=\dimen137
\lineht@=\dimen138
\@envbody=\toks26
\multlinegap=\skip46
\multlinetaggap=\skip47
\mathdisplay@stack=\toks27
LaTeX Info: Redefining \[ on input line 2666.
LaTeX Info: Redefining \] on input line 2667.
)
("C:\Program Files\MiKTeX 2.9\tex\latex\amsfonts\amssymb.sty"
Package: amssymb 2009/06/22 v3.00

("C:\Program Files\MiKTeX 2.9\tex\latex\amsfonts\amsfonts.sty"
Package: amsfonts 2009/06/22 v3.00 Basic AMSFonts support
\symAMSa=\mathgroup4
\symAMSb=\mathgroup5
LaTeX Font Info:    Overwriting math alphabet `\mathfrak' in version `bold'
(Font)                  U/euf/m/n --> U/euf/b/n on input line 96.
))
(C:\Users\fmello\AppData\Roaming\MiKTeX\2.9\tex\latex\misc209\portland.sty
\paperheight=\dimen139
\phoffset=\dimen140
\pvoffset=\dimen141
\ptextwidth=\dimen142
\ptextheight=\dimen143
\ptopmargin=\dimen144
\poddsidemargin=\dimen145
\pevensidemargin=\dimen146
\lhoffset=\dimen147
\lvoffset=\dimen148
\ltextwidth=\dimen149
\ltextheight=\dimen150
\ltopmargin=\dimen151
\loddsidemargin=\dimen152
\levensidemargin=\dimen153
)
("C:\Program Files\MiKTeX 2.9\tex\latex\multirow\multirow.sty"
\bigstrutjot=\dimen154
))
("C:\Program Files\MiKTeX 2.9\tex\latex\tools\longtable.sty"
Package: longtable 2004/02/01 v4.11 Multi-page Table package (DPC)
\LTleft=\skip48
\LTright=\skip49
\LTpre=\skip50
\LTpost=\skip51
\LTchunksize=\count166
\LTcapwidth=\dimen155
\LT@head=\box34
\LT@firsthead=\box35
\LT@foot=\box36
\LT@lastfoot=\box37
\LT@cols=\count167
\LT@rows=\count168
\c@LT@tables=\count169
\c@LT@chunks=\count170
\LT@p@ftn=\toks28
)
("D:\Disciplinas\Projeto de Graduacao - EEW xxx\Modelos\Modelo de Proposta de P
rojeto de Graduacao\Principal.aux")
LaTeX Font Info:    Checking defaults for OML/cmm/m/it on input line 4.
LaTeX Font Info:    ... okay on input line 4.
LaTeX Font Info:    Checking defaults for T1/cmr/m/n on input line 4.
LaTeX Font Info:    ... okay on input line 4.
LaTeX Font Info:    Checking defaults for OT1/cmr/m/n on input line 4.
LaTeX Font Info:    ... okay on input line 4.
LaTeX Font Info:    Checking defaults for OMS/cmsy/m/n on input line 4.
LaTeX Font Info:    ... okay on input line 4.
LaTeX Font Info:    Checking defaults for OMX/cmex/m/n on input line 4.
LaTeX Font Info:    ... okay on input line 4.
LaTeX Font Info:    Checking defaults for U/cmr/m/n on input line 4.
LaTeX Font Info:    ... okay on input line 4.
LaTeX Font Info:    Try loading font information for U+msa on input line 16.

("C:\Program Files\MiKTeX 2.9\tex\latex\amsfonts\umsa.fd"
File: umsa.fd 2009/06/22 v3.00 AMS symbols A
)
LaTeX Font Info:    Try loading font information for U+msb on input line 16.

("C:\Program Files\MiKTeX 2.9\tex\latex\amsfonts\umsb.fd"
File: umsb.fd 2009/06/22 v3.00 AMS symbols B
) [1

] [2] [3]
File: ./figuras/Cronograma.eps Graphic file (type eps)

<./figuras/Cronograma.eps> [4] [5

]
("D:\Disciplinas\Projeto de Graduacao - EEW xxx\Modelos\Modelo de Proposta de P
rojeto de Graduacao\Principal.aux")

LaTeX Warning: Label(s) may have changed. Rerun to get cross-references right.

 ) 
Here is how much of TeX's memory you used:
 4964 strings out of 494046
 65432 string characters out of 3148407
 159221 words of memory out of 3000000
 8161 multiletter control sequences out of 15000+200000
 9891 words of font info for 37 fonts, out of 3000000 for 9000
 715 hyphenation exceptions out of 8191
 34i,7n,39p,969b,434s stack positions out of 5000i,500n,10000p,200000b,50000s

Output written on Principal.dvi (5 pages, 18752 bytes).
